[INFO] Scanning for projects...
[INFO]                                                                         
[INFO] ------------------------------------------------------------------------
[INFO] Building creditsupport 1.0
[INFO] ------------------------------------------------------------------------
[INFO] 
[INFO] --- maven-dependency-plugin:2.8:tree (default-cli) @ creditsupport ---
[INFO] com.yodata.creditsupport:creditsupport:war:1.0
[INFO] +- com.itextpdf.tool:xmlworker:jar:5.5.9:compile
[INFO] +- com.itextpdf:itext-asian:jar:5.2.0:compile
[INFO] +- com.itextpdf:itextpdf:jar:5.5.9:compile
[INFO] +- org.freemarker:freemarker:jar:2.3.23:compile
[INFO] +- commons-logging:commons-logging:jar:1.2:compile
[INFO] +- org.springframework:spring-context-support:jar:4.1.6.RELEASE:compile
[INFO] |  +- org.springframework:spring-beans:jar:4.1.6.RELEASE:compile
[INFO] |  +- org.springframework:spring-context:jar:4.1.6.RELEASE:compile
[INFO] |  |  \- org.springframework:spring-aop:jar:4.1.6.RELEASE:compile
[INFO] |  |     \- aopalliance:aopalliance:jar:1.0:compile
[INFO] |  \- org.springframework:spring-core:jar:4.1.6.RELEASE:compile
[INFO] +- org.springframework:spring-webmvc:jar:4.1.6.RELEASE:compile
[INFO] |  +- org.springframework:spring-expression:jar:4.1.6.RELEASE:compile
[INFO] |  \- org.springframework:spring-web:jar:4.1.6.RELEASE:compile
[INFO] +- org.springframework:spring-orm:jar:4.1.6.RELEASE:compile
[INFO] |  +- org.springframework:spring-jdbc:jar:4.1.6.RELEASE:compile
[INFO] |  \- org.springframework:spring-tx:jar:4.1.6.RELEASE:compile
[INFO] +- org.hibernate:hibernate-core:jar:4.3.10.Final:compile
[INFO] |  +- org.jboss.logging:jboss-logging:jar:3.1.3.GA:compile
[INFO] |  +- org.jboss.logging:jboss-logging-annotations:jar:1.2.0.Beta1:compile
[INFO] |  +- org.jboss.spec.javax.transaction:jboss-transaction-api_1.2_spec:jar:1.0.0.Final:compile
[INFO] |  +- dom4j:dom4j:jar:1.6.1:compile
[INFO] |  |  \- xml-apis:xml-apis:jar:1.0.b2:compile
[INFO] |  +- org.hibernate.common:hibernate-commons-annotations:jar:4.0.5.Final:compile
[INFO] |  +- org.hibernate.javax.persistence:hibernate-jpa-2.1-api:jar:1.0.0.Final:compile
[INFO] |  +- org.javassist:javassist:jar:3.18.1-GA:compile
[INFO] |  +- antlr:antlr:jar:2.7.7:compile
[INFO] |  \- org.jboss:jandex:jar:1.1.0.Final:compile
[INFO] +- org.aspectj:aspectjweaver:jar:1.7.4:compile
[INFO] +- com.alibaba:druid:jar:1.0.9:compile
[INFO] |  +- com.alibaba:jconsole:jar:1.8.0:system
[INFO] |  \- com.alibaba:tools:jar:1.8.0:system
[INFO] +- org.codehaus.jackson:jackson-mapper-asl:jar:1.9.13:compile
[INFO] |  \- org.codehaus.jackson:jackson-core-asl:jar:1.9.13:compile
[INFO] +- log4j:log4j:jar:1.2.16:compile
[INFO] +- junit:junit:jar:4.9:test
[INFO] |  \- org.hamcrest:hamcrest-core:jar:1.1:test
[INFO] +- org.apache.commons:commons-lang3:jar:3.1:compile
[INFO] +- commons-beanutils:commons-beanutils:jar:1.9.2:compile
[INFO] |  \- commons-collections:commons-collections:jar:3.2.1:compile
[INFO] +- mysql:mysql-connector-java:jar:5.1.29:compile
[INFO] +- com.fasterxml.jackson.core:jackson-core:jar:2.4.3:compile
[INFO] +- com.fasterxml.jackson.core:jackson-databind:jar:2.4.3:compile
[INFO] +- com.fasterxml.jackson.core:jackson-annotations:jar:2.4.3:compile
[INFO] +- javax.servlet.jsp:jsp-api:jar:2.0:provided
[INFO] +- org.mybatis:mybatis:jar:3.2.8:compile
[INFO] +- org.mybatis:mybatis-spring:jar:1.2.2:compile
[INFO] +- org.springframework:spring-test:jar:4.1.6.RELEASE:test
[INFO] +- org.apache.hbase:hbase:jar:0.94.0:provided
[INFO] |  +- com.google.guava:guava:jar:r09:provided
[INFO] |  +- commons-cli:commons-cli:jar:1.2:provided
[INFO] |  +- commons-configuration:commons-configuration:jar:1.6:provided
[INFO] |  |  +- commons-digester:commons-digester:jar:1.8:provided
[INFO] |  |  \- commons-beanutils:commons-beanutils-core:jar:1.8.0:provided
[INFO] |  +- com.github.stephenc.high-scale-lib:high-scale-lib:jar:1.1.1:provided
[INFO] |  +- commons-codec:commons-codec:jar:1.4:compile
[INFO] |  +- commons-httpclient:commons-httpclient:jar:3.1:provided
[INFO] |  +- commons-lang:commons-lang:jar:2.5:provided
[INFO] |  +- org.apache.avro:avro:jar:1.5.3:provided
[INFO] |  |  \- org.xerial.snappy:snappy-java:jar:1.0.3.2:provided
[INFO] |  +- org.apache.avro:avro-ipc:jar:1.5.3:provided
[INFO] |  |  +- org.jboss.netty:netty:jar:3.2.4.Final:provided
[INFO] |  |  \- org.apache.velocity:velocity:jar:1.7:provided
[INFO] |  +- org.apache.zookeeper:zookeeper:jar:3.4.3:provided
[INFO] |  +- org.apache.thrift:libthrift:jar:0.8.0:provided
[INFO] |  +- org.jruby:jruby-complete:jar:1.6.5:provided
[INFO] |  +- org.mortbay.jetty:jetty:jar:6.1.26:provided
[INFO] |  +- org.mortbay.jetty:jetty-util:jar:6.1.26:provided
[INFO] |  +- org.mortbay.jetty:jsp-2.1:jar:6.1.14:provided
[INFO] |  +- org.mortbay.jetty:jsp-api-2.1:jar:6.1.14:provided
[INFO] |  +- org.mortbay.jetty:servlet-api-2.5:jar:6.1.14:provided
[INFO] |  +- org.codehaus.jackson:jackson-jaxrs:jar:1.5.5:provided
[INFO] |  +- org.codehaus.jackson:jackson-xc:jar:1.5.5:provided
[INFO] |  +- org.slf4j:slf4j-api:jar:1.5.8:provided
[INFO] |  +- org.slf4j:slf4j-log4j12:jar:1.5.8:provided
[INFO] |  +- tomcat:jasper-compiler:jar:5.5.23:provided
[INFO] |  +- tomcat:jasper-runtime:jar:5.5.23:provided
[INFO] |  +- org.jamon:jamon-runtime:jar:2.3.1:provided
[INFO] |  +- com.google.protobuf:protobuf-java:jar:2.4.0a:provided
[INFO] |  +- com.sun.jersey:jersey-core:jar:1.4:provided
[INFO] |  +- com.sun.jersey:jersey-json:jar:1.4:provided
[INFO] |  |  +- org.codehaus.jettison:jettison:jar:1.1:provided
[INFO] |  |  \- com.sun.xml.bind:jaxb-impl:jar:2.1.12:provided
[INFO] |  +- com.sun.jersey:jersey-server:jar:1.4:provided
[INFO] |  |  \- asm:asm:jar:3.1:provided
[INFO] |  +- javax.xml.bind:jaxb-api:jar:2.1:provided
[INFO] |  \- stax:stax-api:jar:1.0.1:compile
[INFO] +- org.apache.hadoop:hadoop-core:jar:1.2.1:provided
[INFO] |  +- xmlenc:xmlenc:jar:0.52:provided
[INFO] |  +- org.apache.commons:commons-math:jar:2.1:provided
[INFO] |  +- commons-el:commons-el:jar:1.0:provided
[INFO] |  +- net.java.dev.jets3t:jets3t:jar:0.6.1:provided
[INFO] |  +- hsqldb:hsqldb:jar:1.8.0.10:provided
[INFO] |  +- oro:oro:jar:2.0.8:compile
[INFO] |  \- org.eclipse.jdt:core:jar:3.1.1:provided
[INFO] +- com.bfd:basic:jar:0.0.2.RELEASE:compile
[INFO] +- javax.servlet:servlet-api:jar:2.5:provided
[INFO] +- commons-fileupload:commons-fileupload:jar:1.3.1:compile
[INFO] +- fr.opensagres.xdocreport:org.apache.poi.xwpf.converter.xhtml:jar:1.0.5:compile
[INFO] +- fr.opensagres.xdocreport:org.apache.poi.xwpf.converter.core:jar:1.0.5:compile
[INFO] |  \- org.apache.poi:ooxml-schemas:jar:1.1:compile
[INFO] |     \- org.apache.xmlbeans:xmlbeans:jar:2.3.0:compile
[INFO] +- commons-io:commons-io:jar:2.4:compile
[INFO] +- org.apache.httpcomponents:httpclient:jar:4.5.1:compile
[INFO] +- org.apache.httpcomponents:httpcore:jar:4.4.4:compile
[INFO] +- javax.servlet:jstl:jar:1.2:compile
[INFO] +- taglibs:standard:jar:1.1.2:compile
[INFO] +- javax.mail:mail:jar:1.4.7:compile
[INFO] |  \- javax.activation:activation:jar:1.1:compile
[INFO] +- org.jasig.cas:cas-client-core:jar:3.1.10:compile
[INFO] +- ch.ethz.ganymed:ganymed-ssh2:jar:build210:compile
[INFO] +- commons-net:commons-net:jar:1.4.1:compile
[INFO] +- org.apache.axis:axis-saaj:jar:1.4:compile
[INFO] +- org.apache.axis:axis:jar:1.4:compile
[INFO] +- org.apache.axis:axis-jaxrpc:jar:1.4:compile
[INFO] +- org.apache.poi:poi:jar:3.9:compile
[INFO] \- org.apache.poi:poi-ooxml:jar:3.9:compile
[INFO]    \- org.apache.poi:poi-ooxml-schemas:jar:3.9:compile
[INFO] ------------------------------------------------------------------------
[INFO] BUILD SUCCESS
[INFO] ------------------------------------------------------------------------
[INFO] Total time: 6.778 s
[INFO] Finished at: 2016-06-24T11:08:40+08:00
[INFO] Final Memory: 16M/179M
[INFO] ------------------------------------------------------------------------
